\BOOKMARK [0][-]{Doc-Start}{Resumen}{}% 1
\BOOKMARK [0][-]{chapter*.2}{Lista de Figuras}{}% 2
\BOOKMARK [0][-]{chapter*.3}{Lista de Tablas}{}% 3
\BOOKMARK [0][-]{chapter*.4}{Lista de s\355mbolos}{}% 4
\BOOKMARK [0][-]{chapter.1}{Introducci\363n}{}% 5
\BOOKMARK [0][-]{chapter.2}{Estructura del documento}{}% 6
\BOOKMARK [1][-]{section.2.1}{Subt\355tulos nivel 2}{chapter.2}% 7
\BOOKMARK [2][-]{subsection.2.1.1}{Subt\355tulos nivel 3}{section.2.1}% 8
\BOOKMARK [0][-]{chapter.3}{Bibliograf\355a, Figuras, Tablas y Ecuaciones}{}% 9
\BOOKMARK [1][-]{section.3.1}{Citas bibliogr\341ficas}{chapter.3}% 10
\BOOKMARK [1][-]{section.3.2}{Presentaci\363n y citaci\363n de figuras}{chapter.3}% 11
\BOOKMARK [1][-]{section.3.3}{Presentaci\363n y citaci\363n de tablas}{chapter.3}% 12
\BOOKMARK [2][-]{subsection.3.3.1}{Consideraciones adicionales para el manejo de figuras, tablas y ecuaciones}{section.3.3}% 13
\BOOKMARK [0][-]{chapter.4}{Normatividad sobre el trabajo de grado}{}% 14
\BOOKMARK [1][-]{section.4.1}{Reglamento estudiantil}{chapter.4}% 15
\BOOKMARK [1][-]{section.4.2}{De los trabajos de grado}{chapter.4}% 16
\BOOKMARK [2][-]{subsection.4.2.1}{Reglamentaciones por facultad, Distinciones}{section.4.2}% 17
\BOOKMARK [2][-]{subsection.4.2.2}{Duraci\363n}{section.4.2}% 18
\BOOKMARK [2][-]{subsection.4.2.3}{Exenci\363n de matr\355cula durante la continuaci\363n de trabajo de grado}{section.4.2}% 19
\BOOKMARK [2][-]{subsection.4.2.4}{Condiciones de grado}{section.4.2}% 20
\BOOKMARK [1][-]{section.4.3}{Reglamentaci\363n en la Facultad de Ingenier\355a: Resoluci\363n No 074 de junio 21 de 2011}{chapter.4}% 21
\BOOKMARK [2][-]{subsection.4.3.1}{Resoluci\363n No 074 de junio 21 de 2011, Consejo de Facultad}{section.4.3}% 22
\BOOKMARK [2][-]{subsection.4.3.2}{Trabajo de Investigaci\363n e innovaci\363n}{section.4.3}% 23
\BOOKMARK [2][-]{subsection.4.3.3}{El informe final}{section.4.3}% 24
\BOOKMARK [2][-]{subsection.4.3.4}{Asignaturas que conforman el trabajo de grado en programas de ingenier\355a}{section.4.3}% 25
\BOOKMARK [2][-]{subsection.4.3.5}{Asignaturas que conforman el trabajo de grado en el programa acad\351mico de Estad\355stica}{section.4.3}% 26
\BOOKMARK [1][-]{section.4.4}{Distinciones en Ingenier\355a: Resoluci\363n No 085 de Mayo 26 de 2009}{chapter.4}% 27
\BOOKMARK [2][-]{subsection.4.4.1}{Resoluci\363n No 085 de 2009, Consejo de Facultad}{section.4.4}% 28
\BOOKMARK [1][-]{section.4.5}{Recomendaciones}{chapter.4}% 29
\BOOKMARK [0][-]{chapter.5}{Cap\355tulo...}{}% 30
\BOOKMARK [0][-]{chapter.6}{Conclusiones y recomendaciones}{}% 31
\BOOKMARK [1][-]{section.6.1}{Conclusiones}{chapter.6}% 32
\BOOKMARK [1][-]{section.6.2}{Recomendaciones}{chapter.6}% 33
\BOOKMARK [0][-]{appendix.Alph1}{Anexo: Nombrar el anexo A de acuerdo con su contenido}{}% 34
\BOOKMARK [0][-]{appendix.Alph2}{Anexo: Nombrar el anexo B de acuerdo con su contenido}{}% 35
\BOOKMARK [0][-]{appendix.Alph3}{Anexo: Nombrar el anexo C de acuerdo con su contenido}{}% 36
\BOOKMARK [0][-]{appendix.Alph3}{Bibliograf\355a}{}% 37
